Build started 8/25/2014 11:31:10 PM.
     1>Project "C:\Users\AW 18\Dropbox\GuildHall\Projects\Echo\Echo\Echo.vcxproj" on node 2 (build target(s)).
     1>InitializeBuildStatus:
         Creating "Debug\Echo.unsuccessfulbuild" because "AlwaysCreate" was specified.
       ClCompile:
         C:\Program Files (x86)\Microsoft Visual Studio 10.0\VC\bin\CL.exe /c /ZI /nologo /W3 /WX- /Od /Oy- /D WIN32 /D _DEBUG /D _CONSOLE /D _UNICODE /D UNICODE /Gm /EHsc /RTC1 /MDd /GS /fp:precise /Zc:wchar_t /Zc:forScope /Fo"Debug\\" /Fd"Debug\vc100.pdb" /Gd /TP /analyze- /errorReport:prompt TCPServer.cpp UDPServer.cpp
         UDPServer.cpp
         TCPServer.cpp
         Generating Code...
       ManifestResourceCompile:
         All outputs are up-to-date.
       Link:
         C:\Program Files (x86)\Microsoft Visual Studio 10.0\VC\bin\link.exe /ERRORREPORT:PROMPT /OUT:"C:\Users\AW 18\Dropbox\GuildHall\Projects\Echo\Echo\Debug\Echo.exe" /INCREMENTAL /NOLOGO kernel32.lib user32.lib gdi32.lib winspool.lib comdlg32.lib advapi32.lib shell32.lib ole32.lib oleaut32.lib uuid.lib odbc32.lib odbccp32.lib /MANIFEST /ManifestFile:"Debug\Echo.exe.intermediate.manifest" /MANIFESTUAC:"level='asInvoker' uiAccess='false'" /DEBUG /PDB:"C:\Users\AW 18\Dropbox\GuildHall\Projects\Echo\Echo\Debug\Echo.pdb" /SUBSYSTEM:CONSOLE /TLBID:1 /DYNAMICBASE /NXCOMPAT /IMPLIB:"C:\Users\AW 18\Dropbox\GuildHall\Projects\Echo\Echo\Debug\Echo.lib" /MACHINE:X86 Debug\Echo.exe.embed.manifest.res
         Debug\main.obj
         Debug\TCPClient.obj
         Debug\TCPServer.obj
         Debug\UDPClient.obj
         Debug\UDPServer.obj
       Manifest:
         C:\Program Files (x86)\Microsoft SDKs\Windows\v7.0A\bin\mt.exe /nologo /verbose /out:"Debug\Echo.exe.embed.manifest" /manifest Debug\Echo.exe.intermediate.manifest
         All outputs are up-to-date.
       LinkEmbedManifest:
         All outputs are up-to-date.
         Echo.vcxproj -> C:\Users\AW 18\Dropbox\GuildHall\Projects\Echo\Echo\Debug\Echo.exe
       FinalizeBuildStatus:
         Deleting file "Debug\Echo.unsuccessfulbuild".
         Touching "Debug\Echo.lastbuildstate".
     1>Done Building Project "C:\Users\AW 18\Dropbox\GuildHall\Projects\Echo\Echo\Echo.vcxproj" (build target(s)).

Build succeeded.

Time Elapsed 00:00:02.47
